<?xml version="1.0" encoding="UTF-8"?>
<!-- Generated by org.testng.reporters.JUnitXMLReporter -->
<testsuite ignored="0" hostname="Tashfiq" failures="0" tests="9" name="Default test" time="109.11" errors="0" timestamp="08 Nov 2023 09:07:32 GMT">
  <testcase classname="com.Tests.MyTest_Case" name="Test_Start" time="4.764"/>
  <testcase classname="com.Tests.MyTest_Case" name="test_3" time="7.014"/>
  <testcase classname="com.Tests.MyTest_Case" name="test_4" time="24.111"/>
  <testcase classname="com.Tests.MyTest_Case" name="test_5" time="3.144"/>
  <testcase classname="com.Tests.MyTest_Case" name="test_6" time="6.452"/>
  <testcase classname="com.Tests.MyTest_Case" name="test_7" time="5.113"/>
  <testcase classname="com.Tests.MyTest_Case" name="test_8" time="10.927"/>
  <testcase classname="com.Tests.MyTest_Case" name="test_9" time="10.614"/>
  <testcase classname="com.Tests.MyTest_Case" name="test_10" time="27.945"/>
</testsuite> <!-- Default test -->
